
=== Sat Mar 23 20:26:24 2024

Packages were changed.
Update Mode: mergeDefaultDependencies

The following packages were 追加済:
  com.unity.ide.vscode@1.2.5
  com.unity.modules.ai@1.0.0
  com.unity.modules.androidjni@1.0.0
  com.unity.modules.animation@1.0.0
  com.unity.modules.assetbundle@1.0.0
  com.unity.modules.audio@1.0.0
  com.unity.modules.cloth@1.0.0
  com.unity.modules.director@1.0.0
  com.unity.modules.imageconversion@1.0.0
  com.unity.modules.imgui@1.0.0
  com.unity.modules.jsonserialize@1.0.0
  com.unity.modules.particlesystem@1.0.0
  com.unity.modules.physics@1.0.0
  com.unity.modules.physics2d@1.0.0
  com.unity.modules.screencapture@1.0.0
  com.unity.modules.terrain@1.0.0
  com.unity.modules.terrainphysics@1.0.0
  com.unity.modules.tilemap@1.0.0
  com.unity.modules.ui@1.0.0
  com.unity.modules.uielements@1.0.0
  com.unity.modules.umbra@1.0.0
  com.unity.modules.unityanalytics@1.0.0
  com.unity.modules.unitywebrequest@1.0.0
  com.unity.modules.unitywebrequestassetbundle@1.0.0
  com.unity.modules.unitywebrequestaudio@1.0.0
  com.unity.modules.unitywebrequesttexture@1.0.0
  com.unity.modules.unitywebrequestwww@1.0.0
  com.unity.modules.vehicles@1.0.0
  com.unity.modules.video@1.0.0
  com.unity.modules.vr@1.0.0
  com.unity.modules.wind@1.0.0
  com.unity.modules.xr@1.0.0
The following packages were 更新済:
  com.unity.collab-proxy をバージョン 1.17.6 から 2.0.0 へ
  com.unity.ide.rider をバージョン 3.0.16 から 3.0.18 へ
  com.unity.ide.visualstudio をバージョン 2.0.16 から 2.0.17 へ
  com.unity.visualscripting をバージョン 1.7.8 から 1.8.0 へ

=== Sat Mar 23 21:04:18 2024

Packages were changed.
Update Mode: updateDependencies

The following packages were 追加済:
  com.unity.ai.navigation@1.1.5
The following packages were 更新済:
  com.unity.collab-proxy をバージョン 2.0.0 から 2.2.0 へ
  com.unity.feature.2d をバージョン 1.0.0 から 2.0.0 へ
  com.unity.ide.rider をバージョン 3.0.18 から 3.0.27 へ
  com.unity.ide.visualstudio をバージョン 2.0.17 から 2.0.22 へ
  com.unity.test-framework をバージョン 1.1.31 から 1.1.33 へ
  com.unity.timeline をバージョン 1.6.4 から 1.7.6 へ
  com.unity.visualscripting をバージョン 1.8.0 から 1.9.1 へ

=== Sat Mar 23 21:41:00 2024

Packages were changed.
Update Mode: updateDependencies

The following packages were 更新済:
  com.unity.ads をバージョン 3.4.4 から 4.4.2 へ
  com.unity.analytics をバージョン 3.3.5 から 3.8.1 へ
  com.unity.collab-proxy をバージョン 1.2.16 から 2.2.0 へ
  com.unity.ide.rider をバージョン 1.1.4 から 3.0.27 へ
  com.unity.ide.vscode をバージョン 1.2.0 から 1.2.5 へ
  com.unity.purchasing をバージョン 2.0.6 から 4.9.3 へ
  com.unity.test-framework をバージョン 1.1.14 から 1.1.33 へ
  com.unity.textmeshpro をバージョン 2.0.1 から 3.0.6 へ
  com.unity.timeline をバージョン 1.2.14 から 1.7.6 へ
  com.unity.xr.legacyinputhelpers をバージョン 2.0.2 から 2.1.10 へ
The following packages were 削除済:
  com.unity.multiplayer-hlapi@1.0.4

=== Sat Mar 23 21:41:00 2024

Packages were changed.
Update Mode: mergeDefaultDependencies

The following packages were 追加済:
  com.unity.2d.sprite@1.0.0
  com.unity.2d.tilemap@1.0.0
  com.unity.ads@4.4.2
  com.unity.analytics@3.8.1
  com.unity.purchasing@4.9.3
  com.unity.xr.legacyinputhelpers@2.1.10
